<?xml version="1.0" encoding="UTF-8"?>
<testng-results skipped="0" failed="0" ignored="0" total="3" passed="3">
  <reporter-output>
  </reporter-output>
  <suite name="Suite" duration-ms="32795" started-at="2018-12-30T20:03:31Z" finished-at="2018-12-30T20:04:04Z">
    <groups>
    </groups>
    <test name="Test" duration-ms="32795" started-at="2018-12-30T20:03:31Z" finished-at="2018-12-30T20:04:04Z">
      <class name="tescases.TC_002">
        <test-method status="PASS" signature="testcase2()[pri:0, instance:tescases.TC_002@5d624da6]" name="testcase2" duration-ms="10355" started-at="2018-12-30T20:03:53Z" finished-at="2018-12-30T20:04:04Z">
          <reporter-output>
          </reporter-output>
        </test-method> <!-- testcase2 -->
      </class> <!-- tescases.TC_002 -->
      <class name="tescases.TC_001">
        <test-method status="PASS" signature="testcase1()[pri:0, instance:tescases.TC_001@2ef9b8bc]" name="testcase1" duration-ms="8907" started-at="2018-12-30T20:03:45Z" finished-at="2018-12-30T20:03:53Z">
          <reporter-output>
          </reporter-output>
        </test-method> <!-- testcase1 -->
      </class> <!-- tescases.TC_001 -->
      <class name="tescases.TC_003">
        <test-method status="PASS" signature="testcase3()[pri:0, instance:tescases.TC_003@5315b42e]" name="testcase3" duration-ms="13508" started-at="2018-12-30T20:03:31Z" finished-at="2018-12-30T20:03:45Z">
          <reporter-output>
          </reporter-output>
        </test-method> <!-- testcase3 -->
      </class> <!-- tescases.TC_003 -->
    </test> <!-- Test -->
  </suite> <!-- Suite -->
</testng-results>
