<?xml version="1.0" encoding="UTF-8"?>
<testng-results skipped="0" failed="0" ignored="0" total="3" passed="3">
  <reporter-output>
  </reporter-output>
  <suite name="Suite" duration-ms="45310" started-at="2019-02-27T20:34:55Z" finished-at="2019-02-27T20:35:40Z">
    <groups>
    </groups>
    <test name="Test" duration-ms="45310" started-at="2019-02-27T20:34:55Z" finished-at="2019-02-27T20:35:40Z">
      <class name="tescases.TC_002">
        <test-method status="PASS" signature="testcase2()[pri:0, instance:tescases.TC_002@14acaea5]" name="testcase2" duration-ms="9725" started-at="2019-02-27T20:35:30Z" finished-at="2019-02-27T20:35:40Z">
          <reporter-output>
          </reporter-output>
        </test-method> <!-- testcase2 -->
      </class> <!-- tescases.TC_002 -->
      <class name="tescases.TC_001">
        <test-method status="PASS" signature="testcase1()[pri:0, instance:tescases.TC_001@224edc67]" name="testcase1" duration-ms="10221" started-at="2019-02-27T20:35:20Z" finished-at="2019-02-27T20:35:30Z">
          <reporter-output>
          </reporter-output>
        </test-method> <!-- testcase1 -->
      </class> <!-- tescases.TC_001 -->
      <class name="tescases.TC_003">
        <test-method status="PASS" signature="testcase3()[pri:0, instance:tescases.TC_003@1d057a39]" name="testcase3" duration-ms="25315" started-at="2019-02-27T20:34:55Z" finished-at="2019-02-27T20:35:20Z">
          <reporter-output>
          </reporter-output>
        </test-method> <!-- testcase3 -->
      </class> <!-- tescases.TC_003 -->
    </test> <!-- Test -->
  </suite> <!-- Suite -->
</testng-results>
